{"C:\\Users\\LT\\Desktop\\test\\functions\\Matchers.js": {"path":"C:\\Users\\LT\\Desktop\\test\\functions\\Matchers.js","statementMap":{"0":{"start":{"line":1,"column":15},"end":{"line":1,"column":27}},"1":{"start":{"line":3,"column":0},"end":{"line":3,"column":24}}},"fnMap":{},"branchMap":{},"s":{"0":1,"1":1},"f":{},"b":{},"_coverageSchema":"1a1c01bbd47fc00a2c39e90264f33305004495a9","hash":"8c155889a94de86fc8604d3f8f8fdb5d94f56312"}
,"C:\\Users\\LT\\Desktop\\test\\functions\\input.js": {"path":"C:\\Users\\LT\\Desktop\\test\\functions\\input.js","statementMap":{"0":{"start":{"line":1,"column":19},"end":{"line":5,"column":1}},"1":{"start":{"line":2,"column":4},"end":{"line":2,"column":50}},"2":{"start":{"line":2,"column":27},"end":{"line":2,"column":50}},"3":{"start":{"line":3,"column":4},"end":{"line":3,"column":53}},"4":{"start":{"line":3,"column":26},"end":{"line":3,"column":53}},"5":{"start":{"line":4,"column":4},"end":{"line":4,"column":23}},"6":{"start":{"line":7,"column":0},"end":{"line":7,"column":28}}},"fnMap":{"0":{"name":"(anonymous_0)","decl":{"start":{"line":1,"column":19},"end":{"line":1,"column":20}},"loc":{"start":{"line":1,"column":29},"end":{"line":5,"column":1}},"line":1}},"branchMap":{"0":{"loc":{"start":{"line":2,"column":4},"end":{"line":2,"column":50}},"type":"if","locations":[{"start":{"line":2,"column":4},"end":{"line":2,"column":50}},{"start":{},"end":{}}],"line":2},"1":{"loc":{"start":{"line":3,"column":4},"end":{"line":3,"column":53}},"type":"if","locations":[{"start":{"line":3,"column":4},"end":{"line":3,"column":53}},{"start":{},"end":{}}],"line":3}},"s":{"0":1,"1":3,"2":1,"3":2,"4":1,"5":1,"6":1},"f":{"0":3},"b":{"0":[1,2],"1":[1,1]},"_coverageSchema":"1a1c01bbd47fc00a2c39e90264f33305004495a9","hash":"e134245989b40d0efff5e26122e8d7b6609363d2"}
,"C:\\Users\\LT\\Desktop\\test\\functions\\say.js": {"path":"C:\\Users\\LT\\Desktop\\test\\functions\\say.js","statementMap":{"0":{"start":{"line":1,"column":12},"end":{"line":3,"column":1}},"1":{"start":{"line":2,"column":0},"end":{"line":2,"column":14}},"2":{"start":{"line":5,"column":0},"end":{"line":5,"column":19}}},"fnMap":{"0":{"name":"(anonymous_0)","decl":{"start":{"line":1,"column":12},"end":{"line":1,"column":13}},"loc":{"start":{"line":1,"column":18},"end":{"line":3,"column":1}},"line":1}},"branchMap":{},"s":{"0":1,"1":1,"2":1},"f":{"0":1},"b":{},"_coverageSchema":"1a1c01bbd47fc00a2c39e90264f33305004495a9","hash":"63054a86c858659f5bde7bef9386388ed6ced099"}
,"C:\\Users\\LT\\Desktop\\test\\functions\\sum.js": {"path":"C:\\Users\\LT\\Desktop\\test\\functions\\sum.js","statementMap":{"0":{"start":{"line":1,"column":12},"end":{"line":3,"column":1}},"1":{"start":{"line":2,"column":4},"end":{"line":2,"column":47}},"2":{"start":{"line":2,"column":37},"end":{"line":2,"column":44}},"3":{"start":{"line":5,"column":0},"end":{"line":5,"column":20}}},"fnMap":{"0":{"name":"(anonymous_0)","decl":{"start":{"line":1,"column":12},"end":{"line":1,"column":13}},"loc":{"start":{"line":1,"column":28},"end":{"line":3,"column":1}},"line":1},"1":{"name":"(anonymous_1)","decl":{"start":{"line":2,"column":26},"end":{"line":2,"column":27}},"loc":{"start":{"line":2,"column":37},"end":{"line":2,"column":44}},"line":2}},"branchMap":{},"s":{"0":1,"1":3,"2":3,"3":1},"f":{"0":3,"1":3},"b":{},"_coverageSchema":"1a1c01bbd47fc00a2c39e90264f33305004495a9","hash":"235f1230e23a957729f03e8706e373f7dfc632d9"}
}
